
--------------------------------------------------
TXLib сообщает:

Программа: C:\Users\KES\Documents\GitHub\Pac-Man\Pac-Man.exe, файл: C:\Users\KES\Downloads\TX\TXLib.h, строка: 13620, функция: bool {anonymous}::TX::txBitBlt(HDC, double, double, double, double, HDC, double, double, unsigned int),

Сообщение: Параметр "sourceImage" неверен. Возможно, этот холст не создан, или уже уничтожен, или не загрузилась картинка.

#1: TXLib [Ver: 00173a, Rev: 171, Date: 2021-06-06 04:32:03 +0400], Instance: 0x00507304 (32-bit), Flags: CMdRe0, Thread: 0x21C0 (Main), GetLastError(): 13 (Недопустимые данные). 

--------------------------------------------------
Стек вызовов:

# 0 0x00423038 in C:\Users\KES\Documents\GitHub\Pac-Man\Pac-Man.exe: txBitBlt() at C:/Users/KES/Downloads/TX/TXLib.h (13620)

# 1 0x0042D9E1 in C:\Users\KES\Documents\GitHub\Pac-Man\Pac-Man.exe: Draw() at C:/Users/KES/Documents/GitHub/Pac-Man/Pac-Man.cpp (218):

    216: void Enemy::Draw (HDC enemy)
    217:     {
=>  218:     txBitBlt  (txDC(), 0, 0, 40, 40, enemy, 0.5, 0.5);
    219:     }
    220: 

# 2 0x0042CF1B in C:\Users\KES\Documents\GitHub\Pac-Man\Pac-Man.exe: Game() at C:/Users/KES/Documents/GitHub/Pac-Man/Pac-Man.cpp (96):

     94: 
     95:         pacman.Draw ();
=>   96:         enemy1.Draw (enemy1_look);
     97: 
     98:         ControlPacMan (&pacman, player);

# 3 0x0042CC85 in C:\Users\KES\Documents\GitHub\Pac-Man\Pac-Man.exe: main() at C:/Users/KES/Documents/GitHub/Pac-Man/Pac-Man.cpp (58):

     56:     txCreateWindow (960, 600);
     57: 
=>   58:     Game ();
     59: 
     60:     return 0;

--------------------------------------------------
Стек вызовов TX:

# 0 in bool {anonymous}::TX::txBitBlt(HDC, double, double, double, double, HDC, double, double, unsigned int) at C:\Users\KES\Downloads\TX\TXLib.h (13620):

  13618:     {
  13619: $1  if (_TX_HDC_FAILED (destImage))   return false;
=>13620: $   if (_TX_HDC_FAILED (sourceImage)) return false;
  13621: 
  13622: $   POINT size = txGetExtent (sourceImage);

# 1 in void Enemy::Draw(HDC) at C:\Users\KES\Documents\GitHub\Pac-Man\Pac-Man.cpp (218):

    216: void Enemy::Draw (HDC enemy)
    217:     {
=>  218:     txBitBlt  (txDC(), 0, 0, 40, 40, enemy, 0.5, 0.5);
    219:     }
    220: 

--------------------------------------------------
Developed with:

The Dumb Artist Library (TX Library)
TXLib [Ver: 00173a, Rev: 171, Date: 2021-06-06 04:32:03 +0400]
Copyright (C) Ded (Ilya Dedinsky, http://txlib.ru) <mail@txlib.ru>
See license on: http://txlib.ru

TXLib file:	C:\Users\KES\Downloads\TX\TXLib.h
Compiled:	Jun 26 2021 00:53:23, GNU g++ 4.8.1, std=201103L, MinGW Runtime 3.20, 32-bit, DEBUG
Started:	Jun 26 2021 00:53:30

Run file:	C:\Users\KES\Documents\GitHub\Pac-Man\Pac-Man.exe
Directory:	C:\Users\KES\Documents\GitHub\Pac-Man

--------------------------------------------------

--------------------------------------------------
TXLib сообщает:

Программа: C:\Users\KES\Documents\GitHub\Pac-Man\Pac-Man.exe, файл: C:\Users\KES\Downloads\TX\TXLib.h, строка: 13620, функция: bool {anonymous}::TX::txBitBlt(HDC, double, double, double, double, HDC, double, double, unsigned int),

Сообщение: Параметр "sourceImage" неверен. Возможно, этот холст не создан, или уже уничтожен, или не загрузилась картинка.

#1: TXLib [Ver: 00173a, Rev: 171, Date: 2021-06-06 04:32:03 +0400], Instance: 0x00507304 (32-bit), Flags: CMdRe0, Thread: 0x1A5C (Main), GetLastError(): 13 (Недопустимые данные). 

--------------------------------------------------
Стек вызовов:

# 0 0x00423038 in C:\Users\KES\Documents\GitHub\Pac-Man\Pac-Man.exe: txBitBlt() at C:/Users/KES/Downloads/TX/TXLib.h (13620)

# 1 0x0042D9D9 in C:\Users\KES\Documents\GitHub\Pac-Man\Pac-Man.exe: Draw() at C:/Users/KES/Documents/GitHub/Pac-Man/Pac-Man.cpp (218):

    216: void Enemy::Draw (HDC enemy)
    217:     {
=>  218:     txBitBlt  (txDC(), 0, 0, 40, 40, enemy, 0, 0);
    219:     }
    220: 

# 2 0x0042CF1B in C:\Users\KES\Documents\GitHub\Pac-Man\Pac-Man.exe: Game() at C:/Users/KES/Documents/GitHub/Pac-Man/Pac-Man.cpp (96):

     94: 
     95:         pacman.Draw ();
=>   96:         enemy1.Draw (enemy1_look);
     97: 
     98:         ControlPacMan (&pacman, player);

# 3 0x0042CC85 in C:\Users\KES\Documents\GitHub\Pac-Man\Pac-Man.exe: main() at C:/Users/KES/Documents/GitHub/Pac-Man/Pac-Man.cpp (58):

     56:     txCreateWindow (960, 600);
     57: 
=>   58:     Game ();
     59: 
     60:     return 0;

--------------------------------------------------
Стек вызовов TX:

# 0 in bool {anonymous}::TX::txBitBlt(HDC, double, double, double, double, HDC, double, double, unsigned int) at C:\Users\KES\Downloads\TX\TXLib.h (13620):

  13618:     {
  13619: $1  if (_TX_HDC_FAILED (destImage))   return false;
=>13620: $   if (_TX_HDC_FAILED (sourceImage)) return false;
  13621: 
  13622: $   POINT size = txGetExtent (sourceImage);

# 1 in void Enemy::Draw(HDC) at C:\Users\KES\Documents\GitHub\Pac-Man\Pac-Man.cpp (218):

    216: void Enemy::Draw (HDC enemy)
    217:     {
=>  218:     txBitBlt  (txDC(), 0, 0, 40, 40, enemy, 0, 0);
    219:     }
    220: 

--------------------------------------------------
Developed with:

The Dumb Artist Library (TX Library)
TXLib [Ver: 00173a, Rev: 171, Date: 2021-06-06 04:32:03 +0400]
Copyright (C) Ded (Ilya Dedinsky, http://txlib.ru) <mail@txlib.ru>
See license on: http://txlib.ru

TXLib file:	C:\Users\KES\Downloads\TX\TXLib.h
Compiled:	Jun 26 2021 00:53:59, GNU g++ 4.8.1, std=201103L, MinGW Runtime 3.20, 32-bit, DEBUG
Started:	Jun 26 2021 00:54:07

Run file:	C:\Users\KES\Documents\GitHub\Pac-Man\Pac-Man.exe
Directory:	C:\Users\KES\Documents\GitHub\Pac-Man

--------------------------------------------------
