
--------------------------------------------------
TXLib сообщает:

Программа: C:\Users\KES\Documents\GitHub\Pac-Man\Pac-Man 2.2.exe, файл: C:\Users\KES\Downloads\TX\TXLib.h, строка: 13620, функция: bool {anonymous}::TX::txBitBlt(HDC, double, double, double, double, HDC, double, double, unsigned int),

Сообщение: Параметр "sourceImage" неверен. Возможно, этот холст не создан, или уже уничтожен, или не загрузилась картинка.

#1: TXLib [Ver: 00173a, Rev: 171, Date: 2021-06-06 04:32:03 +0400], Instance: 0x00508304 (32-bit), Flags: CMdRe0, Thread: 0x2C4 (Main), GetLastError(): 13 (Недопустимые данные). 

--------------------------------------------------
Стек вызовов:

# 0 0x0042304D in C:\Users\KES\Documents\GitHub\Pac-Man\Pac-Man 2.2.exe: txBitBlt() at C:/Users/KES/Downloads/TX/TXLib.h (13620)

# 1 0x0042CDBB in C:\Users\KES\Documents\GitHub\Pac-Man\Pac-Man 2.2.exe: StartGame() at C:/Users/KES/Documents/GitHub/Pac-Man/Pac-Man 2.2.cpp (96):

     94:     for (int x = -700; x <= 0; x += 2)
     95:         {
=>   96:         txBitBlt  (txDC(), x, 0, 960, 600, start_screen, 0, 0);
     97:         txSleep();
     98:         }

# 2 0x0042CC99 in C:\Users\KES\Documents\GitHub\Pac-Man\Pac-Man 2.2.exe: main() at C:/Users/KES/Documents/GitHub/Pac-Man/Pac-Man 2.2.cpp (80):

     78:     txCreateWindow (960, 600);
     79: 
=>   80:     StartGame ();
     81:     Game ();
     82: 

--------------------------------------------------
Стек вызовов TX:

# 0 in bool {anonymous}::TX::txBitBlt(HDC, double, double, double, double, HDC, double, double, unsigned int) at C:\Users\KES\Downloads\TX\TXLib.h (13620):

  13618:     {
  13619: $1  if (_TX_HDC_FAILED (destImage))   return false;
=>13620: $   if (_TX_HDC_FAILED (sourceImage)) return false;
  13621: 
  13622: $   POINT size = txGetExtent (sourceImage);

# 1 in void StartGame() at C:\Users\KES\Documents\GitHub\Pac-Man\Pac-Man 2.2.cpp (96):

     94:     for (int x = -700; x <= 0; x += 2)
     95:         {
=>   96:         txBitBlt  (txDC(), x, 0, 960, 600, start_screen, 0, 0);
     97:         txSleep();
     98:         }

--------------------------------------------------
Developed with:

The Dumb Artist Library (TX Library)
TXLib [Ver: 00173a, Rev: 171, Date: 2021-06-06 04:32:03 +0400]
Copyright (C) Ded (Ilya Dedinsky, http://txlib.ru) <mail@txlib.ru>
See license on: http://txlib.ru

TXLib file:	C:\Users\KES\Downloads\TX\TXLib.h
Compiled:	Jul  4 2021 12:46:52, GNU g++ 4.8.1, std=201103L, MinGW Runtime 3.20, 32-bit, DEBUG
Started:	Jul 04 2021 12:46:59

Run file:	C:\Users\KES\Documents\GitHub\Pac-Man\Pac-Man 2.2.exe
Directory:	C:\Users\KES\Documents\GitHub\Pac-Man

--------------------------------------------------
