
--------------------------------------------------
TXLib сообщает:

Программа: C:\Users\KES\Documents\GitHub\Pac-Man\Pac-Man 2.0.exe, файл: C:\Users\KES\Downloads\TX\TXLib.h, строка: 13649, функция: bool {anonymous}::TX::txTransparentBlt(HDC, double, double, double, double, HDC, double, double, COLORREF),

Сообщение: Параметр "sourceImage" неверен. Возможно, этот холст не создан, или уже уничтожен, или не загрузилась картинка.

#1: TXLib [Ver: 00173a, Rev: 171, Date: 2021-06-06 04:32:03 +0400], Instance: 0x00508304 (32-bit), Flags: CMdRe0, Thread: 0x2048 (Main), GetLastError(): 13 (Недопустимые данные). 

--------------------------------------------------
Стек вызовов:

# 0 0x0042357A in C:\Users\KES\Documents\GitHub\Pac-Man\Pac-Man 2.0.exe: txTransparentBlt() at C:/Users/KES/Downloads/TX/TXLib.h (13649)

# 1 0x0042D844 in C:\Users\KES\Documents\GitHub\Pac-Man\Pac-Man 2.0.exe: Draw() at C:/Users/KES/Documents/GitHub/Pac-Man/Pac-Man 2.0.cpp (192):

    190:     if (direction == 1)
    191:         {
=>  192:         txTransparentBlt (txDC(), x, y, sizeX, sizeY, sprites, 9*sizeX, (time%5)*sizeY);
    193:         }
    194:     if (direction == 2)

# 2 0x0042D2F7 in C:\Users\KES\Documents\GitHub\Pac-Man\Pac-Man 2.0.exe: Game() at C:/Users/KES/Documents/GitHub/Pac-Man/Pac-Man 2.0.cpp (135):

    133:             Dot3.Draw ();
    134: 
=>  135:             pacman.Draw (sprites, time, sizeX, sizeY);
    136: 
    137:             enemy1.Draw (enemy1_look);//loop for all enemies

# 3 0x0042CC99 in C:\Users\KES\Documents\GitHub\Pac-Man\Pac-Man 2.0.exe: main() at C:/Users/KES/Documents/GitHub/Pac-Man/Pac-Man 2.0.cpp (65):

     63: 
     64:     //StartGame ();
=>   65:     Game ();
     66: 
     67:     return 0;

--------------------------------------------------
Стек вызовов TX:

# 0 in bool {anonymous}::TX::txTransparentBlt(HDC, double, double, double, double, HDC, double, double, COLORREF) at C:\Users\KES\Downloads\TX\TXLib.h (13649):

  13647: 
  13648: $1  if (_TX_HDC_FAILED (destImage))   return false;
=>13649: $   if (_TX_HDC_FAILED (sourceImage)) return false;
  13650: 
  13651:     // Это автоматическое определение размеров картинки (точнее, HDC источника - source) с помощью txGetExtent().

# 1 in void PacMan::Draw(HDC, int, int, int) at C:\Users\KES\Documents\GitHub\Pac-Man\Pac-Man 2.0.cpp (192):

    190:     if (direction == 1)
    191:         {
=>  192:         txTransparentBlt (txDC(), x, y, sizeX, sizeY, sprites, 9*sizeX, (time%5)*sizeY);
    193:         }
    194:     if (direction == 2)

--------------------------------------------------
Developed with:

The Dumb Artist Library (TX Library)
TXLib [Ver: 00173a, Rev: 171, Date: 2021-06-06 04:32:03 +0400]
Copyright (C) Ded (Ilya Dedinsky, http://txlib.ru) <mail@txlib.ru>
See license on: http://txlib.ru

TXLib file:	C:\Users\KES\Downloads\TX\TXLib.h
Compiled:	Jun 29 2021 20:24:21, GNU g++ 4.8.1, std=201103L, MinGW Runtime 3.20, 32-bit, DEBUG
Started:	Jun 29 2021 20:24:29

Run file:	C:\Users\KES\Documents\GitHub\Pac-Man\Pac-Man 2.0.exe
Directory:	C:\Users\KES\Documents\GitHub\Pac-Man

--------------------------------------------------
